********************************************************************************
DUPLICATOR-LITE PACKAGE-LOG: September 27, 2022 12:34 pm
NOTICE: Do NOT post to public sites or forums 
********************************************************************************
VERSION:	1.5.0
WORDPRESS:	6.0.2
PHP INFO:	7.4.29 | SAPI: apache2handler
SERVER:		Apache/2.4.53 (Win64) OpenSSL/1.1.1n PHP/7.4.29 
PHP TIME LIMIT: (0) no time limit imposed 
PHP MAX MEMORY: 4294967296 (512M default) 
MEMORY STACK: 8MB

********************************************************************************
DATABASE:
********************************************************************************
BUILD MODE:   MYSQLDUMP
MYSQLTIMEOUT: 5000
MYSQLDUMP:    Is Supported
SQL CREATED: 20220927_project02_cf494ce29fc5dec86189_20220927123332_database.sql
SQL FILE SIZE: 1.28MB (1344020)
SQL FILE TIME: 2022-09-27 12:34:45
SQL RUNTIME: 2.91 sec.

********************************************************************************
ARCHIVE (ZIP):
********************************************************************************
ARCHIVE DIR:  F:/xampp/htdocs/wdpf51_wp/wdp_project02
ARCHIVE FILE: 20220927_project02_cf494ce29fc5dec86189_20220927123332_archive.zip
FILTERS: *OFF*
DIRS:
	not set
FILES:
	not set
EXTS:  not set
----------------------------------------
COMPRESSING
SIZE:	93.76MB
STATS:	Dirs 825 | Files 4,463
SQL ADDED: 20220927_project02_cf494ce29fc5dec86189_20220927123332_database.sql
ZipArchive Object
(
    [status] => 0
    [statusSys] => 0
    [numFiles] => 5288
    [filename] => F:\xampp\htdocs\wdpf51_wp\wdp_project02\wp-content\backups-dup-lite\tmp\20220927_project02_cf494ce29fc5dec86189_20220927123332_archive.zip
    [comment] => 
)

FILE ADDED TO ZIP: 5287
COMPRESSION RESULT: '1'
COMPRESSED SIZE: 32.63MB
ARCHIVE RUNTIME: 34.24 sec.
MEMORY STACK: 10MB
building installer
ARCHIVE CONSISTENCY TEST: PASS

********************************************************************************
INTEGRITY CHECKS:
********************************************************************************
SQL FILE: 1.28MB
INSTALLER FILE: 73.36KB
ARCHIVE FILE: 34.45MB 
EXPECTED FILE/DIRECTORY COUNT: 5,288
ACTUAL FILE/DIRECTORY COUNT: 5,287
ARCHIVE CONSISTENCY TEST: Pass

********************************************************************************
RECORD ID:[1]
TOTAL PROCESS RUNTIME: 38.41 sec.
PEAK PHP MEMORY USED: 10MB
DONE PROCESSING => 20220927_project02 September 27, 2022 12:35 pm

